2024-10-03 17:53:17 | unimol_tools/weights/weighthub.py | 17 | INFO | Uni-Mol Tools | Weights will be downloaded to default directory: /data/conda/congn/envs/MSGC-DTA/lib/python3.8/site-packages/unimol_tools/weights
2024-10-03 17:53:18 | unimol_tools/models/unimol.py | 120 | INFO | Uni-Mol Tools | Loading pretrained weights from /data/conda/congn/envs/MSGC-DTA/lib/python3.8/site-packages/unimol_tools/weights/mol_pre_all_h_220816.pt
2024-10-03 17:53:19 | unimol_tools/data/conformer.py | 89 | INFO | Uni-Mol Tools | Start generating conformers...
2024-10-03 17:53:19 | unimol_tools/data/conformer.py | 93 | INFO | Uni-Mol Tools | Succeed to generate conformers for 100.00% of molecules.
2024-10-03 17:53:19 | unimol_tools/data/conformer.py | 95 | INFO | Uni-Mol Tools | Succeed to generate 3d conformers for 100.00% of molecules.
2024-10-03 17:53:21 | unimol_tools/data/conformer.py | 89 | INFO | Uni-Mol Tools | Start generating conformers...
2024-10-03 17:53:21 | unimol_tools/data/conformer.py | 93 | INFO | Uni-Mol Tools | Succeed to generate conformers for 100.00% of molecules.
2024-10-03 17:53:21 | unimol_tools/data/conformer.py | 95 | INFO | Uni-Mol Tools | Succeed to generate 3d conformers for 100.00% of molecules.
2024-10-03 17:53:23 | unimol_tools/data/conformer.py | 89 | INFO | Uni-Mol Tools | Start generating conformers...
2024-10-03 17:53:23 | unimol_tools/data/conformer.py | 93 | INFO | Uni-Mol Tools | Succeed to generate conformers for 100.00% of molecules.
2024-10-03 17:53:23 | unimol_tools/data/conformer.py | 95 | INFO | Uni-Mol Tools | Succeed to generate 3d conformers for 100.00% of molecules.
2024-10-03 17:53:26 | unimol_tools/data/conformer.py | 89 | INFO | Uni-Mol Tools | Start generating conformers...
2024-10-03 17:53:26 | unimol_tools/data/conformer.py | 93 | INFO | Uni-Mol Tools | Succeed to generate conformers for 100.00% of molecules.
2024-10-03 17:53:26 | unimol_tools/data/conformer.py | 95 | INFO | Uni-Mol Tools | Succeed to generate 3d conformers for 100.00% of molecules.
2024-10-03 17:53:28 | unimol_tools/data/conformer.py | 89 | INFO | Uni-Mol Tools | Start generating conformers...
2024-10-03 17:53:28 | unimol_tools/data/conformer.py | 93 | INFO | Uni-Mol Tools | Succeed to generate conformers for 100.00% of molecules.
2024-10-03 17:53:28 | unimol_tools/data/conformer.py | 95 | INFO | Uni-Mol Tools | Succeed to generate 3d conformers for 100.00% of molecules.
2024-10-03 17:53:30 | unimol_tools/data/conformer.py | 89 | INFO | Uni-Mol Tools | Start generating conformers...
2024-10-03 17:53:31 | unimol_tools/data/conformer.py | 93 | INFO | Uni-Mol Tools | Succeed to generate conformers for 100.00% of molecules.
2024-10-03 17:53:31 | unimol_tools/data/conformer.py | 95 | INFO | Uni-Mol Tools | Succeed to generate 3d conformers for 100.00% of molecules.
2024-10-03 17:53:33 | unimol_tools/data/conformer.py | 89 | INFO | Uni-Mol Tools | Start generating conformers...
2024-10-03 17:53:33 | unimol_tools/data/conformer.py | 93 | INFO | Uni-Mol Tools | Succeed to generate conformers for 100.00% of molecules.
2024-10-03 17:53:33 | unimol_tools/data/conformer.py | 95 | INFO | Uni-Mol Tools | Succeed to generate 3d conformers for 100.00% of molecules.
2024-10-03 17:53:36 | unimol_tools/data/conformer.py | 89 | INFO | Uni-Mol Tools | Start generating conformers...
2024-10-03 17:53:36 | unimol_tools/data/conformer.py | 93 | INFO | Uni-Mol Tools | Succeed to generate conformers for 100.00% of molecules.
2024-10-03 17:53:36 | unimol_tools/data/conformer.py | 95 | INFO | Uni-Mol Tools | Succeed to generate 3d conformers for 100.00% of molecules.
2024-10-03 17:53:38 | unimol_tools/data/conformer.py | 89 | INFO | Uni-Mol Tools | Start generating conformers...
2024-10-03 17:53:38 | unimol_tools/data/conformer.py | 93 | INFO | Uni-Mol Tools | Succeed to generate conformers for 100.00% of molecules.
2024-10-03 17:53:38 | unimol_tools/data/conformer.py | 95 | INFO | Uni-Mol Tools | Succeed to generate 3d conformers for 100.00% of molecules.
2024-10-03 17:53:39 | unimol_tools/data/conformer.py | 89 | INFO | Uni-Mol Tools | Start generating conformers...
2024-10-03 17:53:40 | unimol_tools/data/conformer.py | 93 | INFO | Uni-Mol Tools | Succeed to generate conformers for 100.00% of molecules.
2024-10-03 17:53:40 | unimol_tools/data/conformer.py | 95 | INFO | Uni-Mol Tools | Succeed to generate 3d conformers for 100.00% of molecules.
2024-10-03 17:53:42 | unimol_tools/data/conformer.py | 89 | INFO | Uni-Mol Tools | Start generating conformers...
2024-10-03 17:53:43 | unimol_tools/data/conformer.py | 93 | INFO | Uni-Mol Tools | Succeed to generate conformers for 100.00% of molecules.
2024-10-03 17:53:43 | unimol_tools/data/conformer.py | 95 | INFO | Uni-Mol Tools | Succeed to generate 3d conformers for 100.00% of molecules.
2024-10-03 17:53:45 | unimol_tools/data/conformer.py | 89 | INFO | Uni-Mol Tools | Start generating conformers...
2024-10-03 17:53:45 | unimol_tools/data/conformer.py | 93 | INFO | Uni-Mol Tools | Succeed to generate conformers for 100.00% of molecules.
2024-10-03 17:53:45 | unimol_tools/data/conformer.py | 95 | INFO | Uni-Mol Tools | Succeed to generate 3d conformers for 100.00% of molecules.
2024-10-03 17:53:47 | unimol_tools/data/conformer.py | 89 | INFO | Uni-Mol Tools | Start generating conformers...
2024-10-03 17:53:47 | unimol_tools/data/conformer.py | 93 | INFO | Uni-Mol Tools | Succeed to generate conformers for 100.00% of molecules.
2024-10-03 17:53:47 | unimol_tools/data/conformer.py | 95 | INFO | Uni-Mol Tools | Succeed to generate 3d conformers for 100.00% of molecules.
2024-10-03 17:53:49 | unimol_tools/data/conformer.py | 89 | INFO | Uni-Mol Tools | Start generating conformers...
2024-10-03 17:53:50 | unimol_tools/data/conformer.py | 93 | INFO | Uni-Mol Tools | Succeed to generate conformers for 100.00% of molecules.
2024-10-03 17:53:50 | unimol_tools/data/conformer.py | 95 | INFO | Uni-Mol Tools | Succeed to generate 3d conformers for 100.00% of molecules.
2024-10-03 17:53:51 | unimol_tools/data/conformer.py | 89 | INFO | Uni-Mol Tools | Start generating conformers...
2024-10-03 17:53:52 | unimol_tools/data/conformer.py | 93 | INFO | Uni-Mol Tools | Succeed to generate conformers for 100.00% of molecules.
2024-10-03 17:53:52 | unimol_tools/data/conformer.py | 95 | INFO | Uni-Mol Tools | Succeed to generate 3d conformers for 100.00% of molecules.
2024-10-03 17:53:54 | unimol_tools/data/conformer.py | 89 | INFO | Uni-Mol Tools | Start generating conformers...
2024-10-03 17:53:54 | unimol_tools/data/conformer.py | 93 | INFO | Uni-Mol Tools | Succeed to generate conformers for 100.00% of molecules.
2024-10-03 17:53:54 | unimol_tools/data/conformer.py | 95 | INFO | Uni-Mol Tools | Succeed to generate 3d conformers for 100.00% of molecules.
2024-10-03 17:53:56 | unimol_tools/data/conformer.py | 89 | INFO | Uni-Mol Tools | Start generating conformers...
2024-10-03 17:53:56 | unimol_tools/data/conformer.py | 93 | INFO | Uni-Mol Tools | Succeed to generate conformers for 100.00% of molecules.
2024-10-03 17:53:56 | unimol_tools/data/conformer.py | 95 | INFO | Uni-Mol Tools | Succeed to generate 3d conformers for 100.00% of molecules.
2024-10-03 17:53:58 | unimol_tools/data/conformer.py | 89 | INFO | Uni-Mol Tools | Start generating conformers...
2024-10-03 17:53:59 | unimol_tools/data/conformer.py | 93 | INFO | Uni-Mol Tools | Succeed to generate conformers for 100.00% of molecules.
2024-10-03 17:53:59 | unimol_tools/data/conformer.py | 95 | INFO | Uni-Mol Tools | Succeed to generate 3d conformers for 100.00% of molecules.
2024-10-03 17:54:01 | unimol_tools/data/conformer.py | 89 | INFO | Uni-Mol Tools | Start generating conformers...
2024-10-03 17:54:01 | unimol_tools/data/conformer.py | 93 | INFO | Uni-Mol Tools | Succeed to generate conformers for 100.00% of molecules.
2024-10-03 17:54:01 | unimol_tools/data/conformer.py | 95 | INFO | Uni-Mol Tools | Succeed to generate 3d conformers for 100.00% of molecules.
2024-10-03 17:54:03 | unimol_tools/data/conformer.py | 89 | INFO | Uni-Mol Tools | Start generating conformers...
2024-10-03 17:54:04 | unimol_tools/data/conformer.py | 93 | INFO | Uni-Mol Tools | Succeed to generate conformers for 100.00% of molecules.
2024-10-03 17:54:04 | unimol_tools/data/conformer.py | 95 | INFO | Uni-Mol Tools | Succeed to generate 3d conformers for 100.00% of molecules.
2024-10-03 17:54:06 | unimol_tools/data/conformer.py | 89 | INFO | Uni-Mol Tools | Start generating conformers...
2024-10-03 17:54:06 | unimol_tools/data/conformer.py | 93 | INFO | Uni-Mol Tools | Succeed to generate conformers for 100.00% of molecules.
2024-10-03 17:54:06 | unimol_tools/data/conformer.py | 95 | INFO | Uni-Mol Tools | Succeed to generate 3d conformers for 100.00% of molecules.
2024-10-03 17:54:08 | unimol_tools/data/conformer.py | 89 | INFO | Uni-Mol Tools | Start generating conformers...
2024-10-03 17:54:08 | unimol_tools/data/conformer.py | 93 | INFO | Uni-Mol Tools | Succeed to generate conformers for 100.00% of molecules.
2024-10-03 17:54:08 | unimol_tools/data/conformer.py | 95 | INFO | Uni-Mol Tools | Succeed to generate 3d conformers for 100.00% of molecules.
2024-10-03 17:54:10 | unimol_tools/data/conformer.py | 89 | INFO | Uni-Mol Tools | Start generating conformers...
2024-10-03 17:54:10 | unimol_tools/data/conformer.py | 93 | INFO | Uni-Mol Tools | Succeed to generate conformers for 100.00% of molecules.
2024-10-03 17:54:10 | unimol_tools/data/conformer.py | 95 | INFO | Uni-Mol Tools | Succeed to generate 3d conformers for 100.00% of molecules.
2024-10-03 17:54:12 | unimol_tools/data/conformer.py | 89 | INFO | Uni-Mol Tools | Start generating conformers...
2024-10-03 17:54:12 | unimol_tools/data/conformer.py | 93 | INFO | Uni-Mol Tools | Succeed to generate conformers for 100.00% of molecules.
2024-10-03 17:54:12 | unimol_tools/data/conformer.py | 95 | INFO | Uni-Mol Tools | Succeed to generate 3d conformers for 100.00% of molecules.
2024-10-03 17:54:13 | unimol_tools/data/conformer.py | 89 | INFO | Uni-Mol Tools | Start generating conformers...
2024-10-03 17:54:14 | unimol_tools/data/conformer.py | 93 | INFO | Uni-Mol Tools | Succeed to generate conformers for 100.00% of molecules.
2024-10-03 17:54:14 | unimol_tools/data/conformer.py | 95 | INFO | Uni-Mol Tools | Succeed to generate 3d conformers for 100.00% of molecules.
2024-10-03 17:54:15 | unimol_tools/data/conformer.py | 89 | INFO | Uni-Mol Tools | Start generating conformers...
2024-10-03 17:54:15 | unimol_tools/data/conformer.py | 93 | INFO | Uni-Mol Tools | Succeed to generate conformers for 100.00% of molecules.
2024-10-03 17:54:15 | unimol_tools/data/conformer.py | 95 | INFO | Uni-Mol Tools | Succeed to generate 3d conformers for 100.00% of molecules.
2024-10-03 17:54:18 | unimol_tools/data/conformer.py | 89 | INFO | Uni-Mol Tools | Start generating conformers...
2024-10-03 17:54:18 | unimol_tools/data/conformer.py | 93 | INFO | Uni-Mol Tools | Succeed to generate conformers for 100.00% of molecules.
2024-10-03 17:54:18 | unimol_tools/data/conformer.py | 95 | INFO | Uni-Mol Tools | Succeed to generate 3d conformers for 100.00% of molecules.
2024-10-03 17:54:20 | unimol_tools/data/conformer.py | 89 | INFO | Uni-Mol Tools | Start generating conformers...
2024-10-03 17:54:20 | unimol_tools/data/conformer.py | 93 | INFO | Uni-Mol Tools | Succeed to generate conformers for 100.00% of molecules.
2024-10-03 17:54:20 | unimol_tools/data/conformer.py | 95 | INFO | Uni-Mol Tools | Succeed to generate 3d conformers for 100.00% of molecules.
2024-10-03 17:54:22 | unimol_tools/data/conformer.py | 89 | INFO | Uni-Mol Tools | Start generating conformers...
2024-10-03 17:54:22 | unimol_tools/data/conformer.py | 93 | INFO | Uni-Mol Tools | Succeed to generate conformers for 100.00% of molecules.
2024-10-03 17:54:22 | unimol_tools/data/conformer.py | 95 | INFO | Uni-Mol Tools | Succeed to generate 3d conformers for 100.00% of molecules.
2024-10-03 17:54:25 | unimol_tools/data/conformer.py | 89 | INFO | Uni-Mol Tools | Start generating conformers...
2024-10-03 17:54:26 | unimol_tools/data/conformer.py | 93 | INFO | Uni-Mol Tools | Succeed to generate conformers for 100.00% of molecules.
2024-10-03 17:54:26 | unimol_tools/data/conformer.py | 95 | INFO | Uni-Mol Tools | Succeed to generate 3d conformers for 100.00% of molecules.
2024-10-03 17:54:29 | unimol_tools/data/conformer.py | 89 | INFO | Uni-Mol Tools | Start generating conformers...
2024-10-03 17:54:30 | unimol_tools/data/conformer.py | 93 | INFO | Uni-Mol Tools | Succeed to generate conformers for 100.00% of molecules.
2024-10-03 17:54:30 | unimol_tools/data/conformer.py | 95 | INFO | Uni-Mol Tools | Succeed to generate 3d conformers for 100.00% of molecules.
2024-10-03 17:54:32 | unimol_tools/data/conformer.py | 89 | INFO | Uni-Mol Tools | Start generating conformers...
2024-10-03 17:54:33 | unimol_tools/data/conformer.py | 93 | INFO | Uni-Mol Tools | Succeed to generate conformers for 100.00% of molecules.
2024-10-03 17:54:33 | unimol_tools/data/conformer.py | 95 | INFO | Uni-Mol Tools | Succeed to generate 3d conformers for 100.00% of molecules.
2024-10-03 17:54:35 | unimol_tools/data/conformer.py | 89 | INFO | Uni-Mol Tools | Start generating conformers...
2024-10-03 17:54:36 | unimol_tools/data/conformer.py | 93 | INFO | Uni-Mol Tools | Succeed to generate conformers for 100.00% of molecules.
2024-10-03 17:54:36 | unimol_tools/data/conformer.py | 95 | INFO | Uni-Mol Tools | Succeed to generate 3d conformers for 100.00% of molecules.
2024-10-03 17:54:38 | unimol_tools/data/conformer.py | 89 | INFO | Uni-Mol Tools | Start generating conformers...
2024-10-03 17:54:39 | unimol_tools/data/conformer.py | 93 | INFO | Uni-Mol Tools | Succeed to generate conformers for 100.00% of molecules.
2024-10-03 17:54:39 | unimol_tools/data/conformer.py | 95 | INFO | Uni-Mol Tools | Succeed to generate 3d conformers for 100.00% of molecules.
2024-10-03 17:54:41 | unimol_tools/data/conformer.py | 89 | INFO | Uni-Mol Tools | Start generating conformers...
2024-10-03 17:54:41 | unimol_tools/data/conformer.py | 93 | INFO | Uni-Mol Tools | Succeed to generate conformers for 100.00% of molecules.
2024-10-03 17:54:41 | unimol_tools/data/conformer.py | 95 | INFO | Uni-Mol Tools | Succeed to generate 3d conformers for 100.00% of molecules.
2024-10-03 17:54:44 | unimol_tools/data/conformer.py | 89 | INFO | Uni-Mol Tools | Start generating conformers...
2024-10-03 17:54:44 | unimol_tools/data/conformer.py | 93 | INFO | Uni-Mol Tools | Succeed to generate conformers for 100.00% of molecules.
2024-10-03 17:54:44 | unimol_tools/data/conformer.py | 95 | INFO | Uni-Mol Tools | Succeed to generate 3d conformers for 100.00% of molecules.
2024-10-03 17:54:46 | unimol_tools/data/conformer.py | 89 | INFO | Uni-Mol Tools | Start generating conformers...
2024-10-03 17:54:47 | unimol_tools/data/conformer.py | 93 | INFO | Uni-Mol Tools | Succeed to generate conformers for 100.00% of molecules.
2024-10-03 17:54:47 | unimol_tools/data/conformer.py | 95 | INFO | Uni-Mol Tools | Succeed to generate 3d conformers for 100.00% of molecules.
2024-10-03 17:54:49 | unimol_tools/data/conformer.py | 89 | INFO | Uni-Mol Tools | Start generating conformers...
2024-10-03 17:54:49 | unimol_tools/data/conformer.py | 93 | INFO | Uni-Mol Tools | Succeed to generate conformers for 100.00% of molecules.
2024-10-03 17:54:49 | unimol_tools/data/conformer.py | 95 | INFO | Uni-Mol Tools | Succeed to generate 3d conformers for 100.00% of molecules.
2024-10-03 17:54:51 | unimol_tools/data/conformer.py | 89 | INFO | Uni-Mol Tools | Start generating conformers...
2024-10-03 17:54:52 | unimol_tools/data/conformer.py | 93 | INFO | Uni-Mol Tools | Succeed to generate conformers for 100.00% of molecules.
2024-10-03 17:54:52 | unimol_tools/data/conformer.py | 95 | INFO | Uni-Mol Tools | Succeed to generate 3d conformers for 100.00% of molecules.
2024-10-03 17:54:54 | unimol_tools/data/conformer.py | 89 | INFO | Uni-Mol Tools | Start generating conformers...
2024-10-03 17:54:55 | unimol_tools/data/conformer.py | 93 | INFO | Uni-Mol Tools | Succeed to generate conformers for 100.00% of molecules.
2024-10-03 17:54:55 | unimol_tools/data/conformer.py | 95 | INFO | Uni-Mol Tools | Succeed to generate 3d conformers for 100.00% of molecules.
2024-10-03 17:54:57 | unimol_tools/data/conformer.py | 89 | INFO | Uni-Mol Tools | Start generating conformers...
2024-10-03 17:54:57 | unimol_tools/data/conformer.py | 93 | INFO | Uni-Mol Tools | Succeed to generate conformers for 100.00% of molecules.
2024-10-03 17:54:57 | unimol_tools/data/conformer.py | 95 | INFO | Uni-Mol Tools | Succeed to generate 3d conformers for 100.00% of molecules.
2024-10-03 17:55:00 | unimol_tools/data/conformer.py | 89 | INFO | Uni-Mol Tools | Start generating conformers...
2024-10-03 17:55:00 | unimol_tools/data/conformer.py | 93 | INFO | Uni-Mol Tools | Succeed to generate conformers for 100.00% of molecules.
2024-10-03 17:55:00 | unimol_tools/data/conformer.py | 95 | INFO | Uni-Mol Tools | Succeed to generate 3d conformers for 100.00% of molecules.
2024-10-03 17:55:03 | unimol_tools/data/conformer.py | 89 | INFO | Uni-Mol Tools | Start generating conformers...
2024-10-03 17:55:03 | unimol_tools/data/conformer.py | 93 | INFO | Uni-Mol Tools | Succeed to generate conformers for 100.00% of molecules.
2024-10-03 17:55:03 | unimol_tools/data/conformer.py | 95 | INFO | Uni-Mol Tools | Succeed to generate 3d conformers for 100.00% of molecules.
2024-10-03 17:55:05 | unimol_tools/data/conformer.py | 89 | INFO | Uni-Mol Tools | Start generating conformers...
2024-10-03 17:55:06 | unimol_tools/data/conformer.py | 93 | INFO | Uni-Mol Tools | Succeed to generate conformers for 100.00% of molecules.
2024-10-03 17:55:06 | unimol_tools/data/conformer.py | 95 | INFO | Uni-Mol Tools | Succeed to generate 3d conformers for 100.00% of molecules.
2024-10-03 17:55:08 | unimol_tools/data/conformer.py | 89 | INFO | Uni-Mol Tools | Start generating conformers...
2024-10-03 17:55:09 | unimol_tools/data/conformer.py | 93 | INFO | Uni-Mol Tools | Succeed to generate conformers for 100.00% of molecules.
2024-10-03 17:55:09 | unimol_tools/data/conformer.py | 95 | INFO | Uni-Mol Tools | Succeed to generate 3d conformers for 100.00% of molecules.
2024-10-03 17:55:11 | unimol_tools/data/conformer.py | 89 | INFO | Uni-Mol Tools | Start generating conformers...
2024-10-03 17:55:12 | unimol_tools/data/conformer.py | 93 | INFO | Uni-Mol Tools | Succeed to generate conformers for 100.00% of molecules.
2024-10-03 17:55:12 | unimol_tools/data/conformer.py | 95 | INFO | Uni-Mol Tools | Succeed to generate 3d conformers for 100.00% of molecules.
2024-10-03 17:55:14 | unimol_tools/data/conformer.py | 89 | INFO | Uni-Mol Tools | Start generating conformers...
2024-10-03 17:55:14 | unimol_tools/data/conformer.py | 93 | INFO | Uni-Mol Tools | Succeed to generate conformers for 100.00% of molecules.
2024-10-03 17:55:14 | unimol_tools/data/conformer.py | 95 | INFO | Uni-Mol Tools | Succeed to generate 3d conformers for 100.00% of molecules.
2024-10-03 17:55:17 | unimol_tools/data/conformer.py | 89 | INFO | Uni-Mol Tools | Start generating conformers...
2024-10-03 17:55:17 | unimol_tools/data/conformer.py | 93 | INFO | Uni-Mol Tools | Succeed to generate conformers for 100.00% of molecules.
2024-10-03 17:55:17 | unimol_tools/data/conformer.py | 95 | INFO | Uni-Mol Tools | Succeed to generate 3d conformers for 100.00% of molecules.
2024-10-03 17:55:20 | unimol_tools/data/conformer.py | 89 | INFO | Uni-Mol Tools | Start generating conformers...
2024-10-03 17:55:20 | unimol_tools/data/conformer.py | 93 | INFO | Uni-Mol Tools | Succeed to generate conformers for 100.00% of molecules.
2024-10-03 17:55:20 | unimol_tools/data/conformer.py | 95 | INFO | Uni-Mol Tools | Succeed to generate 3d conformers for 100.00% of molecules.
2024-10-03 17:55:23 | unimol_tools/data/conformer.py | 89 | INFO | Uni-Mol Tools | Start generating conformers...
2024-10-03 17:55:23 | unimol_tools/data/conformer.py | 93 | INFO | Uni-Mol Tools | Succeed to generate conformers for 100.00% of molecules.
2024-10-03 17:55:23 | unimol_tools/data/conformer.py | 95 | INFO | Uni-Mol Tools | Succeed to generate 3d conformers for 100.00% of molecules.
2024-10-03 17:55:26 | unimol_tools/data/conformer.py | 89 | INFO | Uni-Mol Tools | Start generating conformers...
2024-10-03 17:55:27 | unimol_tools/data/conformer.py | 93 | INFO | Uni-Mol Tools | Succeed to generate conformers for 100.00% of molecules.
2024-10-03 17:55:27 | unimol_tools/data/conformer.py | 95 | INFO | Uni-Mol Tools | Succeed to generate 3d conformers for 100.00% of molecules.
2024-10-03 17:55:30 | unimol_tools/data/conformer.py | 89 | INFO | Uni-Mol Tools | Start generating conformers...
2024-10-03 17:55:31 | unimol_tools/data/conformer.py | 93 | INFO | Uni-Mol Tools | Succeed to generate conformers for 100.00% of molecules.
2024-10-03 17:55:31 | unimol_tools/data/conformer.py | 95 | INFO | Uni-Mol Tools | Succeed to generate 3d conformers for 100.00% of molecules.
2024-10-03 17:55:33 | unimol_tools/data/conformer.py | 89 | INFO | Uni-Mol Tools | Start generating conformers...
2024-10-03 17:55:35 | unimol_tools/data/conformer.py | 93 | INFO | Uni-Mol Tools | Succeed to generate conformers for 100.00% of molecules.
2024-10-03 17:55:35 | unimol_tools/data/conformer.py | 95 | INFO | Uni-Mol Tools | Succeed to generate 3d conformers for 93.75% of molecules.
2024-10-03 17:55:40 | unimol_tools/data/conformer.py | 89 | INFO | Uni-Mol Tools | Start generating conformers...
2024-10-03 17:55:41 | unimol_tools/data/conformer.py | 93 | INFO | Uni-Mol Tools | Succeed to generate conformers for 100.00% of molecules.
2024-10-03 17:55:41 | unimol_tools/data/conformer.py | 95 | INFO | Uni-Mol Tools | Succeed to generate 3d conformers for 100.00% of molecules.
2024-10-03 17:55:45 | unimol_tools/data/conformer.py | 89 | INFO | Uni-Mol Tools | Start generating conformers...
2024-10-03 17:55:45 | unimol_tools/data/conformer.py | 93 | INFO | Uni-Mol Tools | Succeed to generate conformers for 100.00% of molecules.
2024-10-03 17:55:45 | unimol_tools/data/conformer.py | 95 | INFO | Uni-Mol Tools | Succeed to generate 3d conformers for 100.00% of molecules.
2024-10-03 17:55:48 | unimol_tools/data/conformer.py | 89 | INFO | Uni-Mol Tools | Start generating conformers...
2024-10-03 17:55:49 | unimol_tools/data/conformer.py | 93 | INFO | Uni-Mol Tools | Succeed to generate conformers for 100.00% of molecules.
2024-10-03 17:55:49 | unimol_tools/data/conformer.py | 95 | INFO | Uni-Mol Tools | Succeed to generate 3d conformers for 100.00% of molecules.
2024-10-03 17:55:53 | unimol_tools/data/conformer.py | 89 | INFO | Uni-Mol Tools | Start generating conformers...
2024-10-03 17:55:59 | unimol_tools/data/conformer.py | 93 | INFO | Uni-Mol Tools | Succeed to generate conformers for 100.00% of molecules.
2024-10-03 17:55:59 | unimol_tools/data/conformer.py | 95 | INFO | Uni-Mol Tools | Succeed to generate 3d conformers for 81.25% of molecules.
2024-10-03 17:56:09 | unimol_tools/data/conformer.py | 89 | INFO | Uni-Mol Tools | Start generating conformers...
2024-10-03 17:56:10 | unimol_tools/data/conformer.py | 93 | INFO | Uni-Mol Tools | Succeed to generate conformers for 100.00% of molecules.
2024-10-03 17:56:10 | unimol_tools/data/conformer.py | 95 | INFO | Uni-Mol Tools | Succeed to generate 3d conformers for 90.62% of molecules.
2024-10-03 17:56:17 | unimol_tools/data/conformer.py | 89 | INFO | Uni-Mol Tools | Start generating conformers...
2024-10-03 17:56:19 | unimol_tools/data/conformer.py | 93 | INFO | Uni-Mol Tools | Succeed to generate conformers for 100.00% of molecules.
2024-10-03 17:56:19 | unimol_tools/data/conformer.py | 95 | INFO | Uni-Mol Tools | Succeed to generate 3d conformers for 100.00% of molecules.
2024-10-03 17:56:22 | unimol_tools/data/conformer.py | 89 | INFO | Uni-Mol Tools | Start generating conformers...
2024-10-03 17:56:23 | unimol_tools/data/conformer.py | 93 | INFO | Uni-Mol Tools | Succeed to generate conformers for 100.00% of molecules.
2024-10-03 17:56:23 | unimol_tools/data/conformer.py | 95 | INFO | Uni-Mol Tools | Succeed to generate 3d conformers for 100.00% of molecules.
2024-10-03 17:56:25 | unimol_tools/data/conformer.py | 89 | INFO | Uni-Mol Tools | Start generating conformers...
2024-10-03 17:56:26 | unimol_tools/data/conformer.py | 93 | INFO | Uni-Mol Tools | Succeed to generate conformers for 100.00% of molecules.
2024-10-03 17:56:26 | unimol_tools/data/conformer.py | 95 | INFO | Uni-Mol Tools | Succeed to generate 3d conformers for 100.00% of molecules.
2024-10-03 17:56:28 | unimol_tools/data/conformer.py | 89 | INFO | Uni-Mol Tools | Start generating conformers...
2024-10-03 17:56:29 | unimol_tools/data/conformer.py | 93 | INFO | Uni-Mol Tools | Succeed to generate conformers for 100.00% of molecules.
2024-10-03 17:56:29 | unimol_tools/data/conformer.py | 95 | INFO | Uni-Mol Tools | Succeed to generate 3d conformers for 100.00% of molecules.
2024-10-03 17:56:32 | unimol_tools/data/conformer.py | 89 | INFO | Uni-Mol Tools | Start generating conformers...
2024-10-03 17:56:32 | unimol_tools/data/conformer.py | 93 | INFO | Uni-Mol Tools | Succeed to generate conformers for 100.00% of molecules.
2024-10-03 17:56:32 | unimol_tools/data/conformer.py | 95 | INFO | Uni-Mol Tools | Succeed to generate 3d conformers for 100.00% of molecules.
2024-10-03 17:56:35 | unimol_tools/data/conformer.py | 89 | INFO | Uni-Mol Tools | Start generating conformers...
2024-10-03 17:56:35 | unimol_tools/data/conformer.py | 93 | INFO | Uni-Mol Tools | Succeed to generate conformers for 100.00% of molecules.
2024-10-03 17:56:35 | unimol_tools/data/conformer.py | 95 | INFO | Uni-Mol Tools | Succeed to generate 3d conformers for 100.00% of molecules.
2024-10-03 17:56:38 | unimol_tools/data/conformer.py | 89 | INFO | Uni-Mol Tools | Start generating conformers...
2024-10-03 17:56:38 | unimol_tools/data/conformer.py | 93 | INFO | Uni-Mol Tools | Succeed to generate conformers for 100.00% of molecules.
2024-10-03 17:56:38 | unimol_tools/data/conformer.py | 95 | INFO | Uni-Mol Tools | Succeed to generate 3d conformers for 100.00% of molecules.
